<?xml version="1.0" encoding="utf-8"?><testsuites><testsuite errors="0" failures="0" hostname="PNE-L-SG01" name="pytest" skipped="0" tests="3" time="44.439" timestamp="2020-06-15T17:21:02.778855"><testcase classname="test_HomePage.TestHomePage" file="test_HomePage.py" line="7" name="test_formSubmission[getData0]" time="14.653"></testcase><testcase classname="test_HomePage.TestHomePage" file="test_HomePage.py" line="7" name="test_formSubmission[getData1]" time="5.564"></testcase><testcase classname="test_e2e.TestOne" file="test_e2e.py" line="6" name="test_e2e" time="24.163"></testcase></testsuite></testsuites>